eeschema (2013-07-07 BZR 4022)-stable  >> Creation date: 10/10/2014 05:25:51

#Cmp ( order = Value )
| 82pF         C4        
| 1nF          C5        
| 100nF        C6        
| 100nF        C7        
| 22uF/16V     C9        
| 100uF/16V    C8        
| C            C1        
| C            C2        
| C            C3        
| ~            D1        
| ~            D2        
| ~            D3        
| ~            D4        
| ~            D5        
| ~            D6        
| ~            D7        
| ~            D8        
| 1N4148       D9        
| 1N4148       D10       
| IN           J2        
| PWR          J3        
| HF SRC       J6        
| ~            J7        
| ~            J8        
| ~            J9        
| ~            J10       
| ~            J11       
| ~            J12       
| ~            J13       
| ~            J14       
| EN_PR        J16       
| IN_DIG       J17       
| EXT CLK      J5        
| ACCESSORY    J4        
| SBW          J1        
| PSU          J15       
| 100          R12       
| 100          R13       
| 100          R14       
| 100          R15       
| 100          R16       
| 100          R17       
| 100          R18       
| 100          R19       
| 1K           R5        
| 2K2          R2        
| 47K          R3        
| 1M           R4        
| 4M7          R1        
| DIPSW-8      SW1       
| 4017         U2        
| 74HC4060     U3        
| ULN2803A     U4        
| MSP430G2202  U1        
| SC52-11      U5        
| SC52-11      U6        
| SC52-11      U7        
| SC52-11      U8        
| SC52-11      U9        
| SC52-11      U10       
| SC52-11      U11       
| SC52-11      U12       
| TS2950CT     U13       
| 4.194304MHz  X1        
#End Cmp

#End List
