eeschema (2013-07-07 BZR 4022)-stable  >> Creation date: 25/09/2014 22:04:24
#Cmp ( order = Reference )
| C1         100n        
| C2         100n        
| C3         100n        
| J4         ACCESSORY   
| J17        OUT         
| J101       IN          
| Q1         BF244C      
| Q2         2N3904      
| R1         1M          
| R2         100         
| R3         22K         
| R4         56K         
| R5         1K2         
#End Cmp

#Cmp ( order = Value )
| 100n         C1        
| 100n         C2        
| 100n         C3        
| OUT          J17       
| IN           J101      
| ACCESSORY    J4        
| BF244C       Q1        
| 2N3904       Q2        
| 100          R2        
| 1K2          R5        
| 22K          R3        
| 56K          R4        
| 1M           R1        
#End Cmp

#End List
